[debug] [2025-07-15T00:41:30.884Z] ----------------------------------------------------------------------
[debug] [2025-07-15T00:41:30.948Z] Command:       C:\Program Files\nodejs\node.exe C:\Users\Marcos\AppData\Roaming\npm\node_modules\firebase-tools\lib\bin\firebase.js deploy --only hosting
[debug] [2025-07-15T00:41:30.949Z] CLI Version:   14.9.0
[debug] [2025-07-15T00:41:30.949Z] Platform:      win32
[debug] [2025-07-15T00:41:30.949Z] Node Version:  v22.15.1
[debug] [2025-07-15T00:41:30.950Z] Time:          Mon Jul 14 2025 21:41:30 GMT-0300 (hora estándar de Argentina)
[debug] [2025-07-15T00:41:30.950Z] ----------------------------------------------------------------------
[debug] 
[debug] [2025-07-15T00:41:31.333Z] > command requires scopes: ["email","openid","https://www.googleapis.com/auth/cloudplatformprojects.readonly","https://www.googleapis.com/auth/firebase","https://www.googleapis.com/auth/cloud-platform"]
[debug] [2025-07-15T00:41:31.334Z] > authorizing via signed-in user (marcosreinoso2012@gmail.com)
[debug] [2025-07-15T00:41:31.334Z] [iam] checking project clinicasof-7f1be for permissions ["firebase.projects.get","firebasehosting.sites.update"]
[debug] [2025-07-15T00:41:31.336Z] Checked if tokens are valid: false, expires at: 1752526093299
[debug] [2025-07-15T00:41:31.336Z] Checked if tokens are valid: false, expires at: 1752526093299
[debug] [2025-07-15T00:41:31.336Z] > refreshing access token with scopes: []
[debug] [2025-07-15T00:41:31.339Z] >>> [apiv2][query] POST https://www.googleapis.com/oauth2/v3/token [none]
[debug] [2025-07-15T00:41:31.339Z] >>> [apiv2][body] POST https://www.googleapis.com/oauth2/v3/token [omitted]
[debug] [2025-07-15T00:41:31.574Z] <<< [apiv2][status] POST https://www.googleapis.com/oauth2/v3/token 200
[debug] [2025-07-15T00:41:31.574Z] <<< [apiv2][body] POST https://www.googleapis.com/oauth2/v3/token [omitted]
[debug] [2025-07-15T00:41:31.590Z] >>> [apiv2][query] POST https://cloudresourcemanager.googleapis.com/v1/projects/clinicasof-7f1be:testIamPermissions [none]
[debug] [2025-07-15T00:41:31.590Z] >>> [apiv2][(partial)header] POST https://cloudresourcemanager.googleapis.com/v1/projects/clinicasof-7f1be:testIamPermissions x-goog-quota-user=projects/clinicasof-7f1be
[debug] [2025-07-15T00:41:31.590Z] >>> [apiv2][body] POST https://cloudresourcemanager.googleapis.com/v1/projects/clinicasof-7f1be:testIamPermissions {"permissions":["firebase.projects.get","firebasehosting.sites.update"]}
[debug] [2025-07-15T00:41:32.568Z] <<< [apiv2][status] POST https://cloudresourcemanager.googleapis.com/v1/projects/clinicasof-7f1be:testIamPermissions 200
[debug] [2025-07-15T00:41:32.568Z] <<< [apiv2][body] POST https://cloudresourcemanager.googleapis.com/v1/projects/clinicasof-7f1be:testIamPermissions {}
[debug] [2025-07-15T00:41:32.569Z] [iam] error while checking permissions, command may fail: Authorization failed. This account is missing the following required permissions on project clinicasof-7f1be:

  firebase.projects.get
  firebasehosting.sites.update
[debug] [2025-07-15T00:41:32.572Z] Checked if tokens are valid: true, expires at: 1752543690575
[debug] [2025-07-15T00:41:32.572Z] Checked if tokens are valid: true, expires at: 1752543690575
[debug] [2025-07-15T00:41:32.573Z] >>> [apiv2][query] GET https://firebase.googleapis.com/v1beta1/projects/clinicasof-7f1be [none]
[debug] [2025-07-15T00:41:32.855Z] <<< [apiv2][status] GET https://firebase.googleapis.com/v1beta1/projects/clinicasof-7f1be 403
[debug] [2025-07-15T00:41:32.855Z] <<< [apiv2][body] GET https://firebase.googleapis.com/v1beta1/projects/clinicasof-7f1be {"error":{"code":403,"message":"The caller does not have permission","status":"PERMISSION_DENIED"}}
[debug] [2025-07-15T00:41:32.856Z] Request to https://firebase.googleapis.com/v1beta1/projects/clinicasof-7f1be had HTTP Error: 403, The caller does not have permission
[debug] [2025-07-15T00:41:32.857Z] FirebaseError: Request to https://firebase.googleapis.com/v1beta1/projects/clinicasof-7f1be had HTTP Error: 403, The caller does not have permission
    at responseToError (C:\Users\Marcos\AppData\Roaming\npm\node_modules\firebase-tools\lib\responseToError.js:52:12)
    at RetryOperation._fn (C:\Users\Marcos\AppData\Roaming\npm\node_modules\firebase-tools\lib\apiv2.js:312:77)
    at process.processTicksAndRejections (node:internal/process/task_queues:105:5)
[error] 
[error] Error: Failed to get Firebase project clinicasof-7f1be. Please make sure the project exists and your account has permission to access it.
